2020-01-30 11:05:03.0169||INFO|microservice_sketch.Program 
 start nLog  
 --- |url: |action: 
2020-01-30 11:05:12.8483||INFO|microservice_sketch.ReadinessPublisher 
2020/1/30 上午 03:05:12 Readiness Publisher : Healthy,00:00:00.0141987,1  
 --- |url: |action: 
2020-01-30 11:05:32.8253||INFO|microservice_sketch.ReadinessPublisher 
2020/1/30 上午 03:05:32 Readiness Publisher : Healthy,00:00:00.0017920,1  
 --- |url: |action: 
2020-01-30 11:05:52.8138||INFO|microservice_sketch.ReadinessPublisher 
2020/1/30 上午 03:05:52 Readiness Publisher : Healthy,00:00:00.0008745,1  
 --- |url: |action: 
2020-01-30 11:06:12.8253||INFO|microservice_sketch.ReadinessPublisher 
2020/1/30 上午 03:06:12 Readiness Publisher : Healthy,00:00:00.0007072,1  
 --- |url: |action: 
2020-01-30 11:06:32.8140||INFO|microservice_sketch.ReadinessPublisher 
2020/1/30 上午 03:06:32 Readiness Publisher : Healthy,00:00:00.0008299,1  
 --- |url: |action: 
2020-01-30 11:06:52.8145||INFO|microservice_sketch.ReadinessPublisher 
2020/1/30 上午 03:06:52 Readiness Publisher : Healthy,00:00:00.0008976,1  
 --- |url: |action: 
2020-01-30 11:07:12.8140||INFO|microservice_sketch.ReadinessPublisher 
2020/1/30 上午 03:07:12 Readiness Publisher : Healthy,00:00:00.0007511,1  
 --- |url: |action: 
2020-01-30 11:07:32.8254||INFO|microservice_sketch.ReadinessPublisher 
2020/1/30 上午 03:07:32 Readiness Publisher : Healthy,00:00:00.0007412,1  
 --- |url: |action: 
2020-01-30 11:07:52.8143||INFO|microservice_sketch.ReadinessPublisher 
2020/1/30 上午 03:07:52 Readiness Publisher : Healthy,00:00:00.0012377,1  
 --- |url: |action: 
2020-01-30 11:08:12.8129||INFO|microservice_sketch.ReadinessPublisher 
2020/1/30 上午 03:08:12 Readiness Publisher : Healthy,00:00:00.0005293,1  
 --- |url: |action: 
2020-01-30 11:08:32.8259||INFO|microservice_sketch.ReadinessPublisher 
2020/1/30 上午 03:08:32 Readiness Publisher : Healthy,00:00:00.0006335,1  
 --- |url: |action: 
2020-01-30 11:08:52.8155||INFO|microservice_sketch.ReadinessPublisher 
2020/1/30 上午 03:08:52 Readiness Publisher : Healthy,00:00:00.0010217,1  
 --- |url: |action: 
2020-01-30 11:09:12.8248||INFO|microservice_sketch.ReadinessPublisher 
2020/1/30 上午 03:09:12 Readiness Publisher : Healthy,00:00:00.0005716,1  
 --- |url: |action: 
2020-01-30 11:09:32.8247||INFO|microservice_sketch.ReadinessPublisher 
2020/1/30 上午 03:09:32 Readiness Publisher : Healthy,00:00:00.0007161,1  
 --- |url: |action: 
2020-01-30 11:09:39.1456||INFO|microservice_sketch.Program 
 start nLog  
 --- |url: |action: 
2020-01-30 11:09:52.8238||INFO|microservice_sketch.ReadinessPublisher 
2020/1/30 上午 03:09:52 Readiness Publisher : Healthy,00:00:00.0004801,1  
 --- |url: |action: 
2020-01-30 11:10:12.8250||INFO|microservice_sketch.ReadinessPublisher 
2020/1/30 上午 03:10:12 Readiness Publisher : Healthy,00:00:00.0006284,1  
 --- |url: |action: 
2020-01-30 11:10:32.8145||INFO|microservice_sketch.ReadinessPublisher 
2020/1/30 上午 03:10:32 Readiness Publisher : Healthy,00:00:00.0004350,1  
 --- |url: |action: 
2020-01-30 11:10:35.1331||FATAL|microservice_sketch.Program 
 start nLog exceptionFailed to bind to address http://0.0.0.0:5002: address already in use. Failed to bind to address http://0.0.0.0:5002: address already in use. 
 --- |url: |action: 
2020-01-30 11:10:52.8139||INFO|microservice_sketch.ReadinessPublisher 
2020/1/30 上午 03:10:52 Readiness Publisher : Healthy,00:00:00.0004379,1  
 --- |url: |action: 
2020-01-30 11:11:12.8144||INFO|microservice_sketch.ReadinessPublisher 
2020/1/30 上午 03:11:12 Readiness Publisher : Healthy,00:00:00.0005132,1  
 --- |url: |action: 
2020-01-30 11:11:32.8227||INFO|microservice_sketch.ReadinessPublisher 
2020/1/30 上午 03:11:32 Readiness Publisher : Healthy,00:00:00.0006979,1  
 --- |url: |action: 
2020-01-30 11:11:52.8245||INFO|microservice_sketch.ReadinessPublisher 
2020/1/30 上午 03:11:52 Readiness Publisher : Healthy,00:00:00.0005604,1  
 --- |url: |action: 
2020-01-30 11:12:12.8246||INFO|microservice_sketch.ReadinessPublisher 
2020/1/30 上午 03:12:12 Readiness Publisher : Healthy,00:00:00.0005528,1  
 --- |url: |action: 
2020-01-30 11:12:32.8240||INFO|microservice_sketch.ReadinessPublisher 
2020/1/30 上午 03:12:32 Readiness Publisher : Healthy,00:00:00.0006166,1  
 --- |url: |action: 
2020-01-30 11:12:52.8243||INFO|microservice_sketch.ReadinessPublisher 
2020/1/30 上午 03:12:52 Readiness Publisher : Healthy,00:00:00.0006233,1  
 --- |url: |action: 
2020-01-30 11:13:12.8243||INFO|microservice_sketch.ReadinessPublisher 
2020/1/30 上午 03:13:12 Readiness Publisher : Healthy,00:00:00.0007548,1  
 --- |url: |action: 
2020-01-30 11:13:32.8143||INFO|microservice_sketch.ReadinessPublisher 
2020/1/30 上午 03:13:32 Readiness Publisher : Healthy,00:00:00.0008537,1  
 --- |url: |action: 
2020-01-30 11:13:52.8256||INFO|microservice_sketch.ReadinessPublisher 
2020/1/30 上午 03:13:52 Readiness Publisher : Healthy,00:00:00.0006600,1  
 --- |url: |action: 
2020-01-30 11:14:12.8141||INFO|microservice_sketch.ReadinessPublisher 
2020/1/30 上午 03:14:12 Readiness Publisher : Healthy,00:00:00.0005196,1  
 --- |url: |action: 
2020-01-30 11:14:32.8148||INFO|microservice_sketch.ReadinessPublisher 
2020/1/30 上午 03:14:32 Readiness Publisher : Healthy,00:00:00.0007348,1  
 --- |url: |action: 
2020-01-30 11:14:52.8244||INFO|microservice_sketch.ReadinessPublisher 
2020/1/30 上午 03:14:52 Readiness Publisher : Healthy,00:00:00.0006817,1  
 --- |url: |action: 
2020-01-30 11:15:12.8246||INFO|microservice_sketch.ReadinessPublisher 
2020/1/30 上午 03:15:12 Readiness Publisher : Healthy,00:00:00.0004665,1  
 --- |url: |action: 
2020-01-30 11:15:32.8137||INFO|microservice_sketch.ReadinessPublisher 
2020/1/30 上午 03:15:32 Readiness Publisher : Healthy,00:00:00.0001784,1  
 --- |url: |action: 
2020-01-30 11:15:52.8236||INFO|microservice_sketch.ReadinessPublisher 
2020/1/30 上午 03:15:52 Readiness Publisher : Healthy,00:00:00.0002734,1  
 --- |url: |action: 
2020-01-30 11:16:12.8141||INFO|microservice_sketch.ReadinessPublisher 
2020/1/30 上午 03:16:12 Readiness Publisher : Healthy,00:00:00.0004263,1  
 --- |url: |action: 
2020-01-30 11:16:32.8248||INFO|microservice_sketch.ReadinessPublisher 
2020/1/30 上午 03:16:32 Readiness Publisher : Healthy,00:00:00.0003398,1  
 --- |url: |action: 
2020-01-30 11:16:52.8131||INFO|microservice_sketch.ReadinessPublisher 
2020/1/30 上午 03:16:52 Readiness Publisher : Healthy,00:00:00.0001258,1  
 --- |url: |action: 
2020-01-30 11:17:12.8227||INFO|microservice_sketch.ReadinessPublisher 
2020/1/30 上午 03:17:12 Readiness Publisher : Healthy,00:00:00.0002205,1  
 --- |url: |action: 
2020-01-30 11:17:32.8240||INFO|microservice_sketch.ReadinessPublisher 
2020/1/30 上午 03:17:32 Readiness Publisher : Healthy,00:00:00.0001919,1  
 --- |url: |action: 
2020-01-30 11:17:52.8291||INFO|microservice_sketch.ReadinessPublisher 
2020/1/30 上午 03:17:52 Readiness Publisher : Healthy,00:00:00.0003035,1  
 --- |url: |action: 
2020-01-30 11:18:12.8237||INFO|microservice_sketch.ReadinessPublisher 
2020/1/30 上午 03:18:12 Readiness Publisher : Healthy,00:00:00.0001569,1  
 --- |url: |action: 
2020-01-30 11:18:32.8228||INFO|microservice_sketch.ReadinessPublisher 
2020/1/30 上午 03:18:32 Readiness Publisher : Healthy,00:00:00.0001540,1  
 --- |url: |action: 
2020-01-30 11:18:52.8252||INFO|microservice_sketch.ReadinessPublisher 
2020/1/30 上午 03:18:52 Readiness Publisher : Healthy,00:00:00.0002341,1  
 --- |url: |action: 
2020-01-30 11:19:12.8222||INFO|microservice_sketch.ReadinessPublisher 
2020/1/30 上午 03:19:12 Readiness Publisher : Healthy,00:00:00.0002909,1  
 --- |url: |action: 
2020-01-30 11:19:32.8137||INFO|microservice_sketch.ReadinessPublisher 
2020/1/30 上午 03:19:32 Readiness Publisher : Healthy,00:00:00.0002871,1  
 --- |url: |action: 
2020-01-30 11:19:52.8236||INFO|microservice_sketch.ReadinessPublisher 
2020/1/30 上午 03:19:52 Readiness Publisher : Healthy,00:00:00.0002548,1  
 --- |url: |action: 
2020-01-30 11:20:12.8130||INFO|microservice_sketch.ReadinessPublisher 
2020/1/30 上午 03:20:12 Readiness Publisher : Healthy,00:00:00.0001354,1  
 --- |url: |action: 
2020-01-30 11:20:32.8124||INFO|microservice_sketch.ReadinessPublisher 
2020/1/30 上午 03:20:32 Readiness Publisher : Healthy,00:00:00.0002044,1  
 --- |url: |action: 
2020-01-30 11:20:52.8137||INFO|microservice_sketch.ReadinessPublisher 
2020/1/30 上午 03:20:52 Readiness Publisher : Healthy,00:00:00.0003369,1  
 --- |url: |action: 
2020-01-30 11:21:12.8141||INFO|microservice_sketch.ReadinessPublisher 
2020/1/30 上午 03:21:12 Readiness Publisher : Healthy,00:00:00.0003310,1  
 --- |url: |action: 
2020-01-30 11:21:32.8724||INFO|microservice_sketch.ReadinessPublisher 
2020/1/30 上午 03:21:32 Readiness Publisher : Healthy,00:00:00.0001096,1  
 --- |url: |action: 
2020-01-30 11:21:52.8129||INFO|microservice_sketch.ReadinessPublisher 
2020/1/30 上午 03:21:52 Readiness Publisher : Healthy,00:00:00.0000976,1  
 --- |url: |action: 
2020-01-30 11:22:12.8232||INFO|microservice_sketch.ReadinessPublisher 
2020/1/30 上午 03:22:12 Readiness Publisher : Healthy,00:00:00.0002407,1  
 --- |url: |action: 
2020-01-30 11:22:32.8246||INFO|microservice_sketch.ReadinessPublisher 
2020/1/30 上午 03:22:32 Readiness Publisher : Healthy,00:00:00.0002243,1  
 --- |url: |action: 
2020-01-30 11:22:52.8134||INFO|microservice_sketch.ReadinessPublisher 
2020/1/30 上午 03:22:52 Readiness Publisher : Healthy,00:00:00.0001960,1  
 --- |url: |action: 
2020-01-30 11:23:11.3568||INFO|microservice_sketch.Program 
 start nLog  
 --- |url: |action: 
2020-01-30 11:23:12.8241||INFO|microservice_sketch.ReadinessPublisher 
2020/1/30 上午 03:23:12 Readiness Publisher : Healthy,00:00:00.0002022,1  
 --- |url: |action: 
2020-01-30 11:23:18.1151||FATAL|microservice_sketch.Program 
 start nLog exceptionFailed to bind to address http://0.0.0.0:5002: address already in use. Failed to bind to address http://0.0.0.0:5002: address already in use. 
 --- |url: |action: 
2020-01-30 11:23:32.8245||INFO|microservice_sketch.ReadinessPublisher 
2020/1/30 上午 03:23:32 Readiness Publisher : Healthy,00:00:00.0004416,1  
 --- |url: |action: 
2020-01-30 11:23:52.8126||INFO|microservice_sketch.ReadinessPublisher 
2020/1/30 上午 03:23:52 Readiness Publisher : Healthy,00:00:00.0001466,1  
 --- |url: |action: 
2020-01-30 11:24:12.8138||INFO|microservice_sketch.ReadinessPublisher 
2020/1/30 上午 03:24:12 Readiness Publisher : Healthy,00:00:00.0003681,1  
 --- |url: |action: 
2020-01-30 11:24:32.8131||INFO|microservice_sketch.ReadinessPublisher 
2020/1/30 上午 03:24:32 Readiness Publisher : Healthy,00:00:00.0001220,1  
 --- |url: |action: 
2020-01-30 11:24:52.8243||INFO|microservice_sketch.ReadinessPublisher 
2020/1/30 上午 03:24:52 Readiness Publisher : Healthy,00:00:00.0002467,1  
 --- |url: |action: 
2020-01-30 11:25:12.8235||INFO|microservice_sketch.ReadinessPublisher 
2020/1/30 上午 03:25:12 Readiness Publisher : Healthy,00:00:00.0001239,1  
 --- |url: |action: 
2020-01-30 11:25:32.8234||INFO|microservice_sketch.ReadinessPublisher 
2020/1/30 上午 03:25:32 Readiness Publisher : Healthy,00:00:00.0002012,1  
 --- |url: |action: 
2020-01-30 11:25:52.8231||INFO|microservice_sketch.ReadinessPublisher 
2020/1/30 上午 03:25:52 Readiness Publisher : Healthy,00:00:00.0000827,1  
 --- |url: |action: 
2020-01-30 11:26:12.8247||INFO|microservice_sketch.ReadinessPublisher 
2020/1/30 上午 03:26:12 Readiness Publisher : Healthy,00:00:00.0003214,1  
 --- |url: |action: 
2020-01-30 11:26:32.8237||INFO|microservice_sketch.ReadinessPublisher 
2020/1/30 上午 03:26:32 Readiness Publisher : Healthy,00:00:00.0001218,1  
 --- |url: |action: 
2020-01-30 11:26:44.5673||INFO|microservice_sketch.Program 
 start nLog  
 --- |url: |action: 
2020-01-30 11:26:52.8242||INFO|microservice_sketch.ReadinessPublisher 
2020/1/30 上午 03:26:52 Readiness Publisher : Healthy,00:00:00.0002682,1  
 --- |url: |action: 
2020-01-30 11:26:55.1307||INFO|microservice_sketch.ReadinessPublisher 
2020/1/30 上午 03:26:55 Readiness Publisher : Healthy,00:00:00.0158455,1  
 --- |url: |action: 
2020-01-30 11:27:12.8244||INFO|microservice_sketch.ReadinessPublisher 
2020/1/30 上午 03:27:12 Readiness Publisher : Healthy,00:00:00.0001141,1  
 --- |url: |action: 
2020-01-30 11:27:15.0912||INFO|microservice_sketch.ReadinessPublisher 
2020/1/30 上午 03:27:15 Readiness Publisher : Healthy,00:00:00.0010995,1  
 --- |url: |action: 
2020-01-30 11:27:35.0945||INFO|microservice_sketch.ReadinessPublisher 
2020/1/30 上午 03:27:35 Readiness Publisher : Healthy,00:00:00.0019166,1  
 --- |url: |action: 
2020-01-30 11:27:54.6937||INFO|microservice_sketch.Program 
 start nLog  
 --- |url: |action: 
2020-01-30 11:41:41.2312||INFO|microservice_sketch.Program 
 start nLog  
 --- |url: |action: 
2020-01-30 11:41:45.5092||INFO|microservice_sketch.Startup 
typeOCGs6lR4hGA=  
 --- |url: |action: 
2020-01-30 11:41:49.5377||INFO|microservice_sketch.Startup 
server4GetLBfTFn0XvLsHRUTz5w==  
 --- |url: |action: 
2020-01-30 11:41:53.5567||INFO|microservice_sketch.Startup 
portCbJLJgRhpEw=  
 --- |url: |action: 
2020-01-30 11:41:57.5727||INFO|microservice_sketch.Startup 
user_idIB%2BTGEyiKOE=  
 --- |url: |action: 
2020-01-30 11:42:01.5885||INFO|microservice_sketch.Startup 
password3BCbmawotX8Qjv%2BTuzMGpA==  
 --- |url: |action: 
2020-01-30 11:42:05.6084||INFO|microservice_sketch.Startup 
db_namesvEV/TdhFO2/Pu%2BgLt%2BPtA==  
 --- |url: |action: 
2020-01-30 11:42:15.0198||INFO|microservice_sketch.ReadinessPublisher 
2020/1/30 上午 03:42:15 Readiness Publisher : Healthy,00:00:00.0173422,1  
 --- |url: |action: 
2020-01-30 11:42:34.9983||INFO|microservice_sketch.ReadinessPublisher 
2020/1/30 上午 03:42:34 Readiness Publisher : Healthy,00:00:00.0022622,1  
 --- |url: |action: 
2020-01-30 11:42:54.9952||INFO|microservice_sketch.ReadinessPublisher 
2020/1/30 上午 03:42:54 Readiness Publisher : Healthy,00:00:00.0009633,1  
 --- |url: |action: 
2020-01-30 11:43:15.0082||INFO|microservice_sketch.ReadinessPublisher 
2020/1/30 上午 03:43:15 Readiness Publisher : Healthy,00:00:00.0012505,1  
 --- |url: |action: 
2020-01-30 11:43:34.9971||INFO|microservice_sketch.ReadinessPublisher 
2020/1/30 上午 03:43:34 Readiness Publisher : Healthy,00:00:00.0020074,1  
 --- |url: |action: 
2020-01-30 11:43:54.9952||INFO|microservice_sketch.ReadinessPublisher 
2020/1/30 上午 03:43:54 Readiness Publisher : Healthy,00:00:00.0006332,1  
 --- |url: |action: 
2020-01-30 11:44:14.9948||INFO|microservice_sketch.ReadinessPublisher 
2020/1/30 上午 03:44:14 Readiness Publisher : Healthy,00:00:00.0009247,1  
 --- |url: |action: 
2020-01-30 11:44:35.0124||INFO|microservice_sketch.ReadinessPublisher 
2020/1/30 上午 03:44:35 Readiness Publisher : Healthy,00:00:00.0019088,1  
 --- |url: |action: 
2020-01-30 11:44:55.0086||INFO|microservice_sketch.ReadinessPublisher 
2020/1/30 上午 03:44:55 Readiness Publisher : Healthy,00:00:00.0018604,1  
 --- |url: |action: 
2020-01-30 11:47:19.7829||INFO|microservice_sketch.Program 
 start nLog  
 --- |url: |action: 
2020-01-30 11:47:29.5272||INFO|microservice_sketch.ReadinessPublisher 
2020/1/30 上午 03:47:29 Readiness Publisher : Healthy,00:00:00.0114994,1  
 --- |url: |action: 
2020-01-30 11:47:49.5184||INFO|microservice_sketch.ReadinessPublisher 
2020/1/30 上午 03:47:49 Readiness Publisher : Healthy,00:00:00.0024027,1  
 --- |url: |action: 
2020-01-30 11:49:59.6052||INFO|microservice_sketch.Program 
 start nLog  
 --- |url: |action: 
2020-01-30 11:50:09.3950||INFO|microservice_sketch.ReadinessPublisher 
2020/1/30 上午 03:50:09 Readiness Publisher : Healthy,00:00:00.0282268,1  
 --- |url: |action: 
2020-01-30 11:50:29.3560||INFO|microservice_sketch.ReadinessPublisher 
2020/1/30 上午 03:50:29 Readiness Publisher : Healthy,00:00:00.0025599,1  
 --- |url: |action: 
2020-01-30 11:50:49.3529||INFO|microservice_sketch.ReadinessPublisher 
2020/1/30 上午 03:50:49 Readiness Publisher : Healthy,00:00:00.0020617,1  
 --- |url: |action: 
2020-01-30 11:51:09.3524||INFO|microservice_sketch.ReadinessPublisher 
2020/1/30 上午 03:51:09 Readiness Publisher : Healthy,00:00:00.0011100,1  
 --- |url: |action: 
2020-01-30 11:51:29.3508||INFO|microservice_sketch.ReadinessPublisher 
2020/1/30 上午 03:51:29 Readiness Publisher : Healthy,00:00:00.0008734,1  
 --- |url: |action: 
2020-01-30 11:51:49.3524||INFO|microservice_sketch.ReadinessPublisher 
2020/1/30 上午 03:51:49 Readiness Publisher : Healthy,00:00:00.0017919,1  
 --- |url: |action: 
2020-01-30 11:52:09.3515||INFO|microservice_sketch.ReadinessPublisher 
2020/1/30 上午 03:52:09 Readiness Publisher : Healthy,00:00:00.0013097,1  
 --- |url: |action: 
2020-01-30 11:52:29.3513||INFO|microservice_sketch.ReadinessPublisher 
2020/1/30 上午 03:52:29 Readiness Publisher : Healthy,00:00:00.0010558,1  
 --- |url: |action: 
2020-01-30 11:52:49.3513||INFO|microservice_sketch.ReadinessPublisher 
2020/1/30 上午 03:52:49 Readiness Publisher : Healthy,00:00:00.0014438,1  
 --- |url: |action: 
2020-01-30 11:54:30.5175||INFO|microservice_sketch.Program 
 start nLog  
 --- |url: |action: 
2020-01-30 11:55:01.3728||INFO|microservice_sketch.Program 
 start nLog  
 --- |url: |action: 
2020-01-30 11:56:53.7452||INFO|microservice_sketch.Program 
 start nLog  
 --- |url: |action: 
2020-01-30 12:00:05.5221||INFO|microservice_sketch.Program 
 start nLog  
 --- |url: |action: 
